<?xml version="1.0" encoding="UTF-8"?>
<testng-results ignored="0" total="1" passed="0" failed="1" skipped="0">
  <reporter-output>
    <line>
      <![CDATA[get suiteconnections done sucessfull]]>
    </line>
    <line>
      <![CDATA[pre condition sucessful ]]>
    </line>
    <line>
      <![CDATA[post condition done sucessful]]>
    </line>
    <line>
      <![CDATA[terminate suiteconnections done sucessful]]>
    </line>
  </reporter-output>
  <suite started-at="2024-08-08T10:42:00 IST" name="Suite" finished-at="2024-08-08T10:42:01 IST" duration-ms="136">
    <groups>
    </groups>
    <test started-at="2024-08-08T10:42:00 IST" name="Test" finished-at="2024-08-08T10:42:01 IST" duration-ms="136">
      <class name="com.Amazokart.RegisterTest.RegisterTest00">
        <test-method is-config="true" signature="getsuiteconnections()[pri:0, instance:com.Amazokart.RegisterTest.RegisterTest00@4f32a3ad]" started-at="2024-08-08T10:42:00 IST" name="getsuiteconnections" finished-at="2024-08-08T10:42:00 IST" duration-ms="11" status="PASS">
          <reporter-output>
            <line>
              <![CDATA[get suiteconnections done sucessfull]]>
            </line>
          </reporter-output>
        </test-method> <!-- getsuiteconnections -->
        <test-method is-config="true" signature="preconditions()[pri:0, instance:com.Amazokart.RegisterTest.RegisterTest00@4f32a3ad]" started-at="2024-08-08T10:42:00 IST" name="preconditions" finished-at="2024-08-08T10:42:00 IST" duration-ms="2" status="PASS">
          <reporter-output>
            <line>
              <![CDATA[pre condition sucessful ]]>
            </line>
          </reporter-output>
        </test-method> <!-- preconditions -->
        <test-method is-config="true" signature="browserSetup(java.lang.String)[pri:0, instance:com.Amazokart.RegisterTest.RegisterTest00@4f32a3ad]" started-at="2024-08-08T10:42:01 IST" name="browserSetup" finished-at="2024-08-08T10:42:01 IST" duration-ms="76" status="FAIL">
          <params>
            <param index="0">
              <value>
                <![CDATA[chrome]]>
              </value>
            </param>
          </params>
          <exception class="org.openqa.selenium.remote.NoSuchDriverException">
            <message>
              <![CDATA[Unable to obtain: chromedriver, error chromedriver must exist: .\src\main\resources\chromedriver.exe
For documentation on this error, please visit: https://www.selenium.dev/documentation/webdriver/troubleshooting/errors/driver_location/
Build info: version: '4.23.0', revision: '4df0a231af'
System info: os.name: 'Windows 11', os.arch: 'amd64', os.version: '10.0', java.version: '17.0.6'
Driver info: driver.version: ChromeDriver]]>
            </message>
            <full-stacktrace>
              <![CDATA[org.openqa.selenium.remote.NoSuchDriverException: Unable to obtain: chromedriver, error chromedriver must exist: .\src\main\resources\chromedriver.exe
For documentation on this error, please visit: https://www.selenium.dev/documentation/webdriver/troubleshooting/errors/driver_location/
Build info: version: '4.23.0', revision: '4df0a231af'
System info: os.name: 'Windows 11', os.arch: 'amd64', os.version: '10.0', java.version: '17.0.6'
Driver info: driver.version: ChromeDriver
at org.openqa.selenium.remote.service.DriverFinder.getBinaryPaths(DriverFinder.java:121)
at org.openqa.selenium.remote.service.DriverFinder.getDriverPath(DriverFinder.java:55)
at org.openqa.selenium.chrome.ChromeDriver.generateExecutor(ChromeDriver.java:99)
at org.openqa.selenium.chrome.ChromeDriver.<init>(ChromeDriver.java:88)
at org.openqa.selenium.chrome.ChromeDriver.<init>(ChromeDriver.java:83)
at org.openqa.selenium.chrome.ChromeDriver.<init>(ChromeDriver.java:51)
at com.Amokart.generic.common.BaseClass.browserSetup(BaseClass.java:77)
at java.base/jdk.internal.reflect.NativeMethodAccessorImpl.invoke0(Native Method)
at java.base/jdk.internal.reflect.NativeMethodAccessorImpl.invoke(NativeMethodAccessorImpl.java:77)
at java.base/jdk.internal.reflect.DelegatingMethodAccessorImpl.invoke(DelegatingMethodAccessorImpl.java:43)
at java.base/java.lang.reflect.Method.invoke(Method.java:568)
at org.testng.internal.invokers.MethodInvocationHelper.invokeMethod(MethodInvocationHelper.java:141)
at org.testng.internal.invokers.MethodInvocationHelper.invokeMethodConsideringTimeout(MethodInvocationHelper.java:71)
at org.testng.internal.invokers.ConfigInvoker.invokeConfigurationMethod(ConfigInvoker.java:400)
at org.testng.internal.invokers.ConfigInvoker.invokeConfigurations(ConfigInvoker.java:333)
at org.testng.internal.invokers.TestMethodWorker.invokeBeforeClassMethods(TestMethodWorker.java:188)
at org.testng.internal.invokers.TestMethodWorker.run(TestMethodWorker.java:128)
at java.base/java.util.ArrayList.forEach(ArrayList.java:1511)
at org.testng.TestRunner.privateRun(TestRunner.java:739)
at org.testng.TestRunner.run(TestRunner.java:614)
at org.testng.SuiteRunner.runTest(SuiteRunner.java:421)
at org.testng.SuiteRunner.runSequentially(SuiteRunner.java:413)
at org.testng.SuiteRunner.privateRun(SuiteRunner.java:373)
at org.testng.SuiteRunner.run(SuiteRunner.java:312)
at org.testng.SuiteRunnerWorker.runSuite(SuiteRunnerWorker.java:52)
at org.testng.SuiteRunnerWorker.run(SuiteRunnerWorker.java:95)
at org.testng.TestNG.runSuitesSequentially(TestNG.java:1274)
at org.testng.TestNG.runSuitesLocally(TestNG.java:1208)
at org.testng.TestNG.runSuites(TestNG.java:1112)
at org.testng.TestNG.run(TestNG.java:1079)
at org.testng.remote.AbstractRemoteTestNG.run(AbstractRemoteTestNG.java:115)
at org.testng.remote.RemoteTestNG.initAndRun(RemoteTestNG.java:293)
at org.testng.remote.RemoteTestNG.main(RemoteTestNG.java:91)
Caused by: java.lang.IllegalStateException: chromedriver must exist: .\src\main\resources\chromedriver.exe
at org.openqa.selenium.internal.Require$PathStateChecker.isExecutable(Require.java:478)
at org.openqa.selenium.remote.service.DriverFinder.getBinaryPaths(DriverFinder.java:118)
... 32 more
]]>
            </full-stacktrace>
          </exception> <!-- org.openqa.selenium.remote.NoSuchDriverException -->
          <reporter-output>
          </reporter-output>
        </test-method> <!-- browserSetup -->
        <test-method signature="createUser_invalidData(java.lang.String,java.lang.String,java.lang.String)[pri:0, instance:com.Amazokart.RegisterTest.RegisterTest00@4f32a3ad]" started-at="2024-08-08T10:42:01 IST" name="createUser_invalidData" finished-at="2024-08-08T10:42:01 IST" duration-ms="0" status="FAIL">
          <exception class="org.testng.TestNGException">
            <message>
              <![CDATA[
Method public void com.Amazokart.RegisterTest.RegisterTest00.createUser_invalidData(java.lang.String,java.lang.String,java.lang.String) requires a @DataProvider named : Register]]>
            </message>
            <full-stacktrace>
              <![CDATA[org.testng.TestNGException: 
Method public void com.Amazokart.RegisterTest.RegisterTest00.createUser_invalidData(java.lang.String,java.lang.String,java.lang.String) requires a @DataProvider named : Register
at org.testng.internal.Parameters.findDataProvider(Parameters.java:532)
at org.testng.internal.Parameters.handleParameters(Parameters.java:769)
at org.testng.internal.Parameters.handleParameters(Parameters.java:734)
at org.testng.internal.invokers.ParameterHandler.handleParameters(ParameterHandler.java:72)
at org.testng.internal.invokers.ParameterHandler.createParameters(ParameterHandler.java:51)
at org.testng.internal.invokers.TestInvoker$MethodInvocationAgent.invoke(TestInvoker.java:946)
at org.testng.internal.invokers.TestInvoker.invokeTestMethods(TestInvoker.java:203)
at org.testng.internal.invokers.TestMethodWorker.invokeTestMethods(TestMethodWorker.java:154)
at org.testng.internal.invokers.TestMethodWorker.run(TestMethodWorker.java:134)
at java.base/java.util.ArrayList.forEach(ArrayList.java:1511)
at org.testng.TestRunner.privateRun(TestRunner.java:739)
at org.testng.TestRunner.run(TestRunner.java:614)
at org.testng.SuiteRunner.runTest(SuiteRunner.java:421)
at org.testng.SuiteRunner.runSequentially(SuiteRunner.java:413)
at org.testng.SuiteRunner.privateRun(SuiteRunner.java:373)
at org.testng.SuiteRunner.run(SuiteRunner.java:312)
at org.testng.SuiteRunnerWorker.runSuite(SuiteRunnerWorker.java:52)
at org.testng.SuiteRunnerWorker.run(SuiteRunnerWorker.java:95)
at org.testng.TestNG.runSuitesSequentially(TestNG.java:1274)
at org.testng.TestNG.runSuitesLocally(TestNG.java:1208)
at org.testng.TestNG.runSuites(TestNG.java:1112)
at org.testng.TestNG.run(TestNG.java:1079)
at org.testng.remote.AbstractRemoteTestNG.run(AbstractRemoteTestNG.java:115)
at org.testng.remote.RemoteTestNG.initAndRun(RemoteTestNG.java:293)
at org.testng.remote.RemoteTestNG.main(RemoteTestNG.java:91)
]]>
            </full-stacktrace>
          </exception> <!-- org.testng.TestNGException -->
          <reporter-output>
          </reporter-output>
        </test-method> <!-- createUser_invalidData -->
        <test-method is-config="true" signature="closebrowser()[pri:0, instance:com.Amazokart.RegisterTest.RegisterTest00@4f32a3ad]" started-at="2024-08-08T10:42:01 IST" name="closebrowser" finished-at="2024-08-08T10:42:01 IST" duration-ms="0" status="SKIP">
          <reporter-output>
          </reporter-output>
        </test-method> <!-- closebrowser -->
        <test-method is-config="true" signature="postcondition()[pri:0, instance:com.Amazokart.RegisterTest.RegisterTest00@4f32a3ad]" started-at="2024-08-08T10:42:01 IST" name="postcondition" finished-at="2024-08-08T10:42:01 IST" duration-ms="1" status="PASS">
          <reporter-output>
            <line>
              <![CDATA[post condition done sucessful]]>
            </line>
          </reporter-output>
        </test-method> <!-- postcondition -->
        <test-method is-config="true" signature="terminatesuiteconnections()[pri:0, instance:com.Amazokart.RegisterTest.RegisterTest00@4f32a3ad]" started-at="2024-08-08T10:42:01 IST" name="terminatesuiteconnections" finished-at="2024-08-08T10:42:01 IST" duration-ms="1" status="PASS">
          <reporter-output>
            <line>
              <![CDATA[terminate suiteconnections done sucessful]]>
            </line>
          </reporter-output>
        </test-method> <!-- terminatesuiteconnections -->
      </class> <!-- com.Amazokart.RegisterTest.RegisterTest00 -->
    </test> <!-- Test -->
  </suite> <!-- Suite -->
</testng-results>
